============================= test session starts ==============================
platform linux -- Python 3.10.18, pytest-8.3.5, pluggy-1.5.0
rootdir: /app
plugins: anyio-4.9.0, cov-6.1.1, json-report-1.5.0, metadata-3.1.1
collected 42 items

reporter/tests/test_database.py ..                                       [  4%]
reporter/tests/test_database_manager.py ................................ [ 80%]
.......                                                                  [ 97%]
reporter/tests/test_migrate_data.py .                                    [100%]

============================== 42 passed in 0.70s ==============================
