--- Starting Validation: Fri Jun 13 19:04:15 UTC 2025 ---
Deleting old test logs...

--- Running Automated Tests ---
============================= test session starts ==============================
platform linux -- Python 3.10.17, pytest-8.3.5, pluggy-1.5.0
rootdir: /app
plugins: anyio-4.9.0, cov-6.1.1, json-report-1.5.0, metadata-3.1.1
collected 55 items / 3 errors

==================================== ERRORS ====================================
_____________ ERROR collecting reporter/tests/test_book_closing.py _____________
ImportError while importing test module '/app/reporter/tests/test_book_closing.py'.
Hint: make sure your test modules/packages have valid Python names.
Traceback:
/usr/lib/python3.10/importlib/__init__.py:126: in import_module
    return _bootstrap._gcd_import(name[level:], package, level)
reporter/tests/test_book_closing.py:5: in <module>
    from reporter.gui import GuiController
E   ModuleNotFoundError: No module named 'reporter.gui'
______________ ERROR collecting reporter/tests/test_gui_flows.py _______________
ImportError while importing test module '/app/reporter/tests/test_gui_flows.py'.
Hint: make sure your test modules/packages have valid Python names.
Traceback:
/usr/lib/python3.10/importlib/__init__.py:126: in import_module
    return _bootstrap._gcd_import(name[level:], package, level)
reporter/tests/test_gui_flows.py:71: in <module>
    from reporter.gui import GuiController
E   ModuleNotFoundError: No module named 'reporter.gui'
_________________ ERROR collecting reporter/tests/test_main.py _________________
ImportError while importing test module '/app/reporter/tests/test_main.py'.
Hint: make sure your test modules/packages have valid Python names.
Traceback:
reporter/tests/test_main.py:14: in <module>
    from reporter.main import handle_database_migration
reporter/main.py:12: in <module>
    from reporter.gui import main as start_flet_gui # Import main from the new gui.py
E   ModuleNotFoundError: No module named 'reporter.gui'

During handling of the above exception, another exception occurred:
/usr/lib/python3.10/importlib/__init__.py:126: in import_module
    return _bootstrap._gcd_import(name[level:], package, level)
reporter/tests/test_main.py:18: in <module>
    raise ImportError(f"Could not import handle_database_migration from reporter.main. Error: {e}. Check sys.path and reporter/main.py.")
E   ImportError: Could not import handle_database_migration from reporter.main. Error: No module named 'reporter.gui'. Check sys.path and reporter/main.py.
=========================== short test summary info ============================
ERROR reporter/tests/test_book_closing.py
ERROR reporter/tests/test_gui_flows.py
ERROR reporter/tests/test_main.py
!!!!!!!!!!!!!!!!!!! Interrupted: 3 errors during collection !!!!!!!!!!!!!!!!!!!!
============================== 3 errors in 0.23s ===============================

--- Pytest finished with exit code: 2 ---

--- Checking if application launches ---
Application launched successfully.

--- Validation Complete ---
